<?xml version="1.0" encoding="UTF-8"?>
<!-- Generated by org.testng.reporters.JUnitReportReporter -->
<testsuite hostname="DESKTOP-ELKBBBV" failures="0" tests="1" name="MavenTest.MavenJenkinsTest.AppTest" time="0.018" errors="0" timestamp="2023-02-22T13:00:39 IST" skipped="0">
  <testcase classname="MavenTest.MavenJenkinsTest.AppTest" name="config" time="0.018"/>
  <system-out/>
</testsuite> <!-- MavenTest.MavenJenkinsTest.AppTest -->
